c:\users\rd0348\documents\visual studio 2017\projects\nodemain\nodemain\debug\nodemain.pch
c:\users\rd0348\documents\visual studio 2017\projects\nodemain\nodemain\debug\vc141.pdb
c:\users\rd0348\documents\visual studio 2017\projects\nodemain\nodemain\debug\vc141.idb
c:\users\rd0348\documents\visual studio 2017\projects\nodemain\nodemain\debug\stdafx.obj
c:\users\rd0348\documents\visual studio 2017\projects\nodemain\nodemain\debug\humantrain.obj
c:\users\rd0348\documents\visual studio 2017\projects\nodemain\nodemain\debug\humantrainbox.obj
c:\users\rd0348\documents\visual studio 2017\projects\nodemain\nodemain\debug\nearstation.obj
c:\users\rd0348\documents\visual studio 2017\projects\nodemain\nodemain\debug\node.obj
c:\users\rd0348\documents\visual studio 2017\projects\nodemain\nodemain\debug\nodemain.obj
c:\users\rd0348\documents\visual studio 2017\projects\nodemain\nodemain\debug\producttrain.obj
c:\users\rd0348\documents\visual studio 2017\projects\nodemain\nodemain\debug\producttrainbox.obj
c:\users\rd0348\documents\visual studio 2017\projects\nodemain\nodemain\debug\station.obj
c:\users\rd0348\documents\visual studio 2017\projects\nodemain\nodemain\debug\stationmanager.obj
c:\users\rd0348\documents\visual studio 2017\projects\nodemain\nodemain\debug\train.obj
c:\users\rd0348\documents\visual studio 2017\projects\nodemain\nodemain\debug\trainbox.obj
c:\users\rd0348\documents\visual studio 2017\projects\nodemain\debug\nodemain.pdb
c:\users\rd0348\documents\visual studio 2017\projects\nodemain\nodemain\debug\nodemain.tlog\cl.command.1.tlog
c:\users\rd0348\documents\visual studio 2017\projects\nodemain\nodemain\debug\nodemain.tlog\cl.read.1.tlog
c:\users\rd0348\documents\visual studio 2017\projects\nodemain\nodemain\debug\nodemain.tlog\cl.write.1.tlog
c:\users\rd0348\documents\visual studio 2017\projects\nodemain\nodemain\debug\nodemain.tlog\link-cvtres.read.1.tlog
c:\users\rd0348\documents\visual studio 2017\projects\nodemain\nodemain\debug\nodemain.tlog\link-cvtres.write.1.tlog
c:\users\rd0348\documents\visual studio 2017\projects\nodemain\nodemain\debug\nodemain.tlog\link-rc.read.1.tlog
c:\users\rd0348\documents\visual studio 2017\projects\nodemain\nodemain\debug\nodemain.tlog\link-rc.write.1.tlog
c:\users\rd0348\documents\visual studio 2017\projects\nodemain\nodemain\debug\nodemain.tlog\link.command.1.tlog
c:\users\rd0348\documents\visual studio 2017\projects\nodemain\nodemain\debug\nodemain.tlog\link.read.1.tlog
c:\users\rd0348\documents\visual studio 2017\projects\nodemain\nodemain\debug\nodemain.tlog\link.write.1.tlog
